1:不敢情趣
2:生活配套
1:不许哟啊
2:生活配套
1:再见
2:户型有哪些
1:再见
2:户型有哪些
1:再见
2:户型有哪些
1:您好
2:交付时间
1:你水水
2:物业费
1:您好
2:交付时间
1:再见
2:户型有哪些
1:再见
2:户型有哪些
1:再见
2:户型有哪些
1:您好
2:交付时间
1:您好
2:交付时间
1:再见
2:户型有哪些
1:再见
2:户型有哪些
1:再见
2:户型有哪些
1:再见
2:户型有哪些
1:再见
2:户型有哪些
1:再见
2:户型有哪些
1:再见
2:户型有哪些
1:再见
2:户型有哪些
1:再见
2:户型有哪些
1:再见
2:户型有哪些
1:你是
2:产权几年
1:再见
2:户型有哪些
1:在家
2:价格多少
1:再见
2:户型有哪些
1:再见
2:户型有哪些
1:喂您好
2:价格多少
1:感谢
2:
1:喂您好
2:价格多少
1:喂您好
2:价格多少
1:嗯，不愿意
2:
1:不愿意
2:产权几年
1:路过
2:
1:自助
2:位置在哪
1:我转进去
2:建筑面积多少
1:对对
2:
1:再见
2:户型有哪些
1:喂，你还在么
2:价格多少
1:你还在么
2:
1:在中国
2:教育配套
1:好像
2:开发商
1:在公主
2:交通配套
1:只能
2:位置在哪
1:中华
2:教育配套
1:你们
2:
1:不敢情趣
2:生活配套
1:再见
2:户型有哪些
1:再见
2:户型有哪些
1:您好
2:交付时间
1:短信息
2:户型有哪些
1:转进去
2:建筑面积多少
1:我想想
2:开发商
1:我姓梅
2:户型有哪些
1:您拨叫的用户正忙
2:户型有哪些
1:请您稍后再拨sorry
2:
1:这是try service，you do you baby baby now
2:产权几年
1:vfy，原来的
2:
1:您好
2:交付时间
1:您拨叫的用户正忙
2:户型有哪些
1:请您稍后再拨sorry
2:
1:这是try service number edge哟，central
2:产权几年
1:除了excel了，原来的
2:产权几年
1:能租多少
2:生活配套
1:转进去啊
2:建筑面积多少
1:嗯，说是这么说
2:
1:自己做的
2:位置在哪
1:支付
2:位置在哪
1:您好
2:交付时间
1:只是会有哪个
2:价格多少
1:再说，你能看
2:产权几年
1:直接口
2:位置在哪
1:不给
2:生活配套
1:身份证么
2:生活配套
1:干嘛
2:
1:来了么
2:
1:还说
2:产权几年
1:家具
2:价格多少
1:如果说
2:产权几年
1:我中间空
2:户型有哪些
1:扣了2秒
2:
1:哪一个
2:价格多少
1:嗯，是是什么
2:
1:什么鬼呀
2:生活配套
1:再见
2:户型有哪些
